SF:lib\src\models\weather.dart
DA:6,1
DA:16,1
DA:22,0
DA:24,0
DA:30,1
DA:31,4
LF:6
LH:4
end_of_record
SF:lib\src\models\weather.g.dart
DA:9,0
DA:10,0
DA:11,0
DA:12,0
DA:14,0
DA:15,0
DA:16,0
DA:22,0
DA:23,0
DA:24,0
DA:25,0
DA:28,0
DA:34,0
DA:36,0
DA:40,0
DA:41,0
DA:42,0
DA:44,0
DA:46,0
DA:49,0
DA:51,0
LF:21
LH:0
end_of_record
SF:lib\src\weather_repository.dart
DA:9,1
DA:11,1
DA:15,1
DA:16,3
DA:17,1
DA:18,3
DA:19,1
DA:20,1
DA:21,1
DA:22,2
DA:28,1
DA:30,1
DA:32,1
DA:33,1
DA:34,1
DA:36,1
DA:37,1
DA:38,1
DA:39,1
DA:41,1
DA:42,1
LF:21
LH:21
end_of_record
